---
  0 debug pnpm:scope: 
    selected: 1
    workspacePrefix: null
  1 info pnpm: 
    message: "A store server is running. All store manipulations are delegated to it."
    prefix: "/app"
  2 debug pnpm:package-json: 
    initial: 
      name: "hello-express"
      version: "0.0.1"
      description: "CodeWork v12 Boş Altyapı"
      main: "bot.js"
      scripts: 
        start: "node bot.js"
      dependencies: 
        express: "^4.17.1"
        discord.js: "^12.2.0"
        ms: "^2.1.2"
        fs: "^0.0.2"
        request: "^2.88.2"
        quick.db: "^7.1.2"
        moment: "^2.29.1"
        moment-duration-format: "^2.3.2"
        isgd: "^1.1.3"
        cheerio: "^0.22.0"
        chalk: "^4.1.0"
        useful-tools: "^0.2.6"
        tcmb-doviz: "^1.0.6"
        parse-ms: "^2.1.0"
        gamedig: "^3.0.0"
        os-utils: "^0.0.14"
      engines: 
        node: "12.x"
      repository: 
        url: "https://glitch.com/edit/#!/hello-express"
      license: "MIT"
      keywords: 
        - "node"
        - "glitch"
        - "express"
      readme: "# guas"
      readmeFilename: "README.md"
      gitHead: "f77ffee4f52aceeb8a914bdd467d4037e4f87fd3"
      _id: "hello-express@0.0.1"
    prefix: "/app"
  3 info pnpm: 
    message: "Performing headless installation"
    prefix: "/app"
  4 debug pnpm:stats: 
    prefix: "/app"
    removed: 0
  5 debug pnpm:stage: 
    prefix: "/app"
    stage: "importing_started"
  6 debug pnpm:stats: 
    added: 0
    prefix: "/app"
  7 debug pnpm:stage: 
    prefix: "/app"
    stage: "importing_done"
  8 debug pnpm:link: 
    target: "/rbd/pnpm-volume/c81b764a-e98f-49ac-b9f0-617fe51c9d7e/node_modules/.registry.npmjs.org/@discordjs/collection/0.1.5/node_modules/@discordjs/collection"
    link: "/rbd/pnpm-volume/c81b764a-e98f-49ac-b9f0-617fe51c9d7e/node_modules/@discordjs/collection"
  9 debug pnpm:link: 
    target: "/rbd/pnpm-volume/c81b764a-e98f-49ac-b9f0-617fe51c9d7e/node_modules/.registry.npmjs.org/@discordjs/form-data/3.0.1/node_modules/@discordjs/form-data"
    link: "/rbd/pnpm-volume/c81b764a-e98f-49ac-b9f0-617fe51c9d7e/node_modules/@discordjs/form-data"
  10 debug pnpm:link: 
    target: "/rbd/pnpm-volume/c81b764a-e98f-49ac-b9f0-617fe51c9d7e/node_modules/.registry.npmjs.org/abort-controller/3.0.0/node_modules/abort-controller"
    link: "/rbd/pnpm-volume/c81b764a-e98f-49ac-b9f0-617fe51c9d7e/node_modules/abort-controller"
  11 debug pnpm:link: 
    target: "/rbd/pnpm-volume/c81b764a-e98f-49ac-b9f0-617fe51c9d7e/node_modules/.registry.npmjs.org/accepts/1.3.7/node_modules/accepts"
    link: "/rbd/pnpm-volume/c81b764a-e98f-49ac-b9f0-617fe51c9d7e/node_modules/accepts"
  12 debug pnpm:link: 
    target: "/rbd/pnpm-volume/c81b764a-e98f-49ac-b9f0-617fe51c9d7e/node_modules/.registry.npmjs.org/ansi-styles/4.3.0/node_modules/ansi-styles"
    link: "/rbd/pnpm-volume/c81b764a-e98f-49ac-b9f0-617fe51c9d7e/node_modules/ansi-styles"
  13 debug pnpm:link: 
    target: "/rbd/pnpm-volume/c81b764a-e98f-49ac-b9f0-617fe51c9d7e/node_modules/.registry.npmjs.org/array-flatten/1.1.1/node_modules/array-flatten"
    link: "/rbd/pnpm-volume/c81b764a-e98f-49ac-b9f0-617fe51c9d7e/node_modules/array-flatten"
  14 debug pnpm:link: 
    target: "/rbd/pnpm-volume/c81b764a-e98f-49ac-b9f0-617fe51c9d7e/node_modules/.registry.npmjs.org/aws-sign2/0.7.0/node_modules/aws-sign2"
    link: "/rbd/pnpm-volume/c81b764a-e98f-49ac-b9f0-617fe51c9d7e/node_modules/aws-sign2"
  15 debug pnpm:link: 
    target: "/rbd/pnpm-volume/c81b764a-e98f-49ac-b9f0-617fe51c9d7e/node_modules/.registry.npmjs.org/aws4/1.10.0/node_modules/aws4"
    link: "/rbd/pnpm-volume/c81b764a-e98f-49ac-b9f0-617fe51c9d7e/node_modules/aws4"
  16 debug pnpm:link: 
    target: "/rbd/pnpm-volume/c81b764a-e98f-49ac-b9f0-617fe51c9d7e/node_modules/.registry.npmjs.org/axios/0.19.2/node_modules/axios"
    link: "/rbd/pnpm-volume/c81b764a-e98f-49ac-b9f0-617fe51c9d7e/node_modules/axios"
  17 debug pnpm:link: 
    target: "/rbd/pnpm-volume/c81b764a-e98f-49ac-b9f0-617fe51c9d7e/node_modules/.registry.npmjs.org/better-sqlite3/7.1.1/node_modules/better-sqlite3"
    link: "/rbd/pnpm-volume/c81b764a-e98f-49ac-b9f0-617fe51c9d7e/node_modules/better-sqlite3"
  18 debug pnpm:link: 
    target: "/rbd/pnpm-volume/c81b764a-e98f-49ac-b9f0-617fe51c9d7e/node_modules/.registry.npmjs.org/body-parser/1.19.0/node_modules/body-parser"
    link: "/rbd/pnpm-volume/c81b764a-e98f-49ac-b9f0-617fe51c9d7e/node_modules/body-parser"
  19 debug pnpm:link: 
    target: "/rbd/pnpm-volume/c81b764a-e98f-49ac-b9f0-617fe51c9d7e/node_modules/.registry.npmjs.org/caseless/0.12.0/node_modules/caseless"
    link: "/rbd/pnpm-volume/c81b764a-e98f-49ac-b9f0-617fe51c9d7e/node_modules/caseless"
  20 debug pnpm:link: 
    target: "/rbd/pnpm-volume/c81b764a-e98f-49ac-b9f0-617fe51c9d7e/node_modules/.registry.npmjs.org/combined-stream/1.0.8/node_modules/combined-stream"
    link: "/rbd/pnpm-volume/c81b764a-e98f-49ac-b9f0-617fe51c9d7e/node_modules/combined-stream"
  21 debug pnpm:link: 
    target: "/rbd/pnpm-volume/c81b764a-e98f-49ac-b9f0-617fe51c9d7e/node_modules/.registry.npmjs.org/compressjs/1.0.3/node_modules/compressjs"
    link: "/rbd/pnpm-volume/c81b764a-e98f-49ac-b9f0-617fe51c9d7e/node_modules/compressjs"
  22 debug pnpm:link: 
    target: "/rbd/pnpm-volume/c81b764a-e98f-49ac-b9f0-617fe51c9d7e/node_modules/.registry.npmjs.org/content-disposition/0.5.3/node_modules/content-disposition"
    link: "/rbd/pnpm-volume/c81b764a-e98f-49ac-b9f0-617fe51c9d7e/node_modules/content-disposition"
  23 debug pnpm:link: 
    target: "/rbd/pnpm-volume/c81b764a-e98f-49ac-b9f0-617fe51c9d7e/node_modules/.registry.npmjs.org/content-type/1.0.4/node_modules/content-type"
    link: "/rbd/pnpm-volume/c81b764a-e98f-49ac-b9f0-617fe51c9d7e/node_modules/content-type"
  24 debug pnpm:link: 
    target: "/rbd/pnpm-volume/c81b764a-e98f-49ac-b9f0-617fe51c9d7e/node_modules/.registry.npmjs.org/cookie/0.4.0/node_modules/cookie"
    link: "/rbd/pnpm-volume/c81b764a-e98f-49ac-b9f0-617fe51c9d7e/node_modules/cookie"
  25 debug pnpm:link: 
    target: "/rbd/pnpm-volume/c81b764a-e98f-49ac-b9f0-617fe51c9d7e/node_modules/.registry.npmjs.org/cookie-signature/1.0.6/node_modules/cookie-signature"
    link: "/rbd/pnpm-volume/c81b764a-e98f-49ac-b9f0-617fe51c9d7e/node_modules/cookie-signature"
  26 debug pnpm:link: 
    target: "/rbd/pnpm-volume/c81b764a-e98f-49ac-b9f0-617fe51c9d7e/node_modules/.registry.npmjs.org/css-select/1.2.0/node_modules/css-select"
    link: "/rbd/pnpm-volume/c81b764a-e98f-49ac-b9f0-617fe51c9d7e/node_modules/css-select"
  27 debug pnpm:link: 
    target: "/rbd/pnpm-volume/c81b764a-e98f-49ac-b9f0-617fe51c9d7e/node_modules/.registry.npmjs.org/debug/2.6.9/node_modules/debug"
    link: "/rbd/pnpm-volume/c81b764a-e98f-49ac-b9f0-617fe51c9d7e/node_modules/debug"
  28 debug pnpm:link: 
    target: "/rbd/pnpm-volume/c81b764a-e98f-49ac-b9f0-617fe51c9d7e/node_modules/.registry.npmjs.org/depd/1.1.2/node_modules/depd"
    link: "/rbd/pnpm-volume/c81b764a-e98f-49ac-b9f0-617fe51c9d7e/node_modules/depd"
  29 debug pnpm:link: 
    target: "/rbd/pnpm-volume/c81b764a-e98f-49ac-b9f0-617fe51c9d7e/node_modules/.registry.npmjs.org/dom-serializer/0.1.1/node_modules/dom-serializer"
    link: "/rbd/pnpm-volume/c81b764a-e98f-49ac-b9f0-617fe51c9d7e/node_modules/dom-serializer"
  30 debug pnpm:link: 
    target: "/rbd/pnpm-volume/c81b764a-e98f-49ac-b9f0-617fe51c9d7e/node_modules/.registry.npmjs.org/encodeurl/1.0.2/node_modules/encodeurl"
    link: "/rbd/pnpm-volume/c81b764a-e98f-49ac-b9f0-617fe51c9d7e/node_modules/encodeurl"
  31 debug pnpm:link: 
    target: "/rbd/pnpm-volume/c81b764a-e98f-49ac-b9f0-617fe51c9d7e/node_modules/.registry.npmjs.org/entities/1.1.2/node_modules/entities"
    link: "/rbd/pnpm-volume/c81b764a-e98f-49ac-b9f0-617fe51c9d7e/node_modules/entities"
  32 debug pnpm:link: 
    target: "/rbd/pnpm-volume/c81b764a-e98f-49ac-b9f0-617fe51c9d7e/node_modules/.registry.npmjs.org/escape-html/1.0.3/node_modules/escape-html"
    link: "/rbd/pnpm-volume/c81b764a-e98f-49ac-b9f0-617fe51c9d7e/node_modules/escape-html"
  33 debug pnpm:link: 
    target: "/rbd/pnpm-volume/c81b764a-e98f-49ac-b9f0-617fe51c9d7e/node_modules/.registry.npmjs.org/etag/1.8.1/node_modules/etag"
    link: "/rbd/pnpm-volume/c81b764a-e98f-49ac-b9f0-617fe51c9d7e/node_modules/etag"
  34 debug pnpm:link: 
    target: "/rbd/pnpm-volume/c81b764a-e98f-49ac-b9f0-617fe51c9d7e/node_modules/.registry.npmjs.org/extend/3.0.2/node_modules/extend"
    link: "/rbd/pnpm-volume/c81b764a-e98f-49ac-b9f0-617fe51c9d7e/node_modules/extend"
  35 debug pnpm:link: 
    target: "/rbd/pnpm-volume/c81b764a-e98f-49ac-b9f0-617fe51c9d7e/node_modules/.registry.npmjs.org/finalhandler/1.1.2/node_modules/finalhandler"
    link: "/rbd/pnpm-volume/c81b764a-e98f-49ac-b9f0-617fe51c9d7e/node_modules/finalhandler"
  36 debug pnpm:link: 
    target: "/rbd/pnpm-volume/c81b764a-e98f-49ac-b9f0-617fe51c9d7e/node_modules/.registry.npmjs.org/forever-agent/0.6.1/node_modules/forever-agent"
    link: "/rbd/pnpm-volume/c81b764a-e98f-49ac-b9f0-617fe51c9d7e/node_modules/forever-agent"
  37 debug pnpm:link: 
    target: "/rbd/pnpm-volume/c81b764a-e98f-49ac-b9f0-617fe51c9d7e/node_modules/.registry.npmjs.org/form-data/2.3.3/node_modules/form-data"
    link: "/rbd/pnpm-volume/c81b764a-e98f-49ac-b9f0-617fe51c9d7e/node_modules/form-data"
  38 debug pnpm:link: 
    target: "/rbd/pnpm-volume/c81b764a-e98f-49ac-b9f0-617fe51c9d7e/node_modules/.registry.npmjs.org/fresh/0.5.2/node_modules/fresh"
    link: "/rbd/pnpm-volume/c81b764a-e98f-49ac-b9f0-617fe51c9d7e/node_modules/fresh"
  39 debug pnpm:link: 
    target: "/rbd/pnpm-volume/c81b764a-e98f-49ac-b9f0-617fe51c9d7e/node_modules/.registry.npmjs.org/gbxremote/0.2.1/node_modules/gbxremote"
    link: "/rbd/pnpm-volume/c81b764a-e98f-49ac-b9f0-617fe51c9d7e/node_modules/gbxremote"
  40 debug pnpm:link: 
    target: "/rbd/pnpm-volume/c81b764a-e98f-49ac-b9f0-617fe51c9d7e/node_modules/.registry.npmjs.org/got/11.8.2/node_modules/got"
    link: "/rbd/pnpm-volume/c81b764a-e98f-49ac-b9f0-617fe51c9d7e/node_modules/got"
  41 debug pnpm:link: 
    target: "/rbd/pnpm-volume/c81b764a-e98f-49ac-b9f0-617fe51c9d7e/node_modules/.registry.npmjs.org/har-validator/5.1.3/node_modules/har-validator"
    link: "/rbd/pnpm-volume/c81b764a-e98f-49ac-b9f0-617fe51c9d7e/node_modules/har-validator"
  42 debug pnpm:link: 
    target: "/rbd/pnpm-volume/c81b764a-e98f-49ac-b9f0-617fe51c9d7e/node_modules/.registry.npmjs.org/htmlparser2/3.10.1/node_modules/htmlparser2"
    link: "/rbd/pnpm-volume/c81b764a-e98f-49ac-b9f0-617fe51c9d7e/node_modules/htmlparser2"
  43 debug pnpm:link: 
    target: "/rbd/pnpm-volume/c81b764a-e98f-49ac-b9f0-617fe51c9d7e/node_modules/.registry.npmjs.org/http-signature/1.2.0/node_modules/http-signature"
    link: "/rbd/pnpm-volume/c81b764a-e98f-49ac-b9f0-617fe51c9d7e/node_modules/http-signature"
  44 debug pnpm:link: 
    target: "/rbd/pnpm-volume/c81b764a-e98f-49ac-b9f0-617fe51c9d7e/node_modules/.registry.npmjs.org/iconv-lite/0.6.2/node_modules/iconv-lite"
    link: "/rbd/pnpm-volume/c81b764a-e98f-49ac-b9f0-617fe51c9d7e/node_modules/iconv-lite"
  45 debug pnpm:link: 
    target: "/rbd/pnpm-volume/c81b764a-e98f-49ac-b9f0-617fe51c9d7e/node_modules/.registry.npmjs.org/is-typedarray/1.0.0/node_modules/is-typedarray"
    link: "/rbd/pnpm-volume/c81b764a-e98f-49ac-b9f0-617fe51c9d7e/node_modules/is-typedarray"
  46 debug pnpm:link: 
    target: "/rbd/pnpm-volume/c81b764a-e98f-49ac-b9f0-617fe51c9d7e/node_modules/.registry.npmjs.org/isstream/0.1.2/node_modules/isstream"
    link: "/rbd/pnpm-volume/c81b764a-e98f-49ac-b9f0-617fe51c9d7e/node_modules/isstream"
  47 debug pnpm:link: 
    target: "/rbd/pnpm-volume/c81b764a-e98f-49ac-b9f0-617fe51c9d7e/node_modules/.registry.npmjs.org/json-stringify-safe/5.0.1/node_modules/json-stringify-safe"
    link: "/rbd/pnpm-volume/c81b764a-e98f-49ac-b9f0-617fe51c9d7e/node_modules/json-stringify-safe"
  48 debug pnpm:link: 
    target: "/rbd/pnpm-volume/c81b764a-e98f-49ac-b9f0-617fe51c9d7e/node_modules/.registry.npmjs.org/lodash/4.17.20/node_modules/lodash"
    link: "/rbd/pnpm-volume/c81b764a-e98f-49ac-b9f0-617fe51c9d7e/node_modules/lodash"
  49 debug pnpm:link: 
    target: "/rbd/pnpm-volume/c81b764a-e98f-49ac-b9f0-617fe51c9d7e/node_modules/.registry.npmjs.org/lodash.assignin/4.2.0/node_modules/lodash.assignin"
    link: "/rbd/pnpm-volume/c81b764a-e98f-49ac-b9f0-617fe51c9d7e/node_modules/lodash.assignin"
  50 debug pnpm:link: 
    target: "/rbd/pnpm-volume/c81b764a-e98f-49ac-b9f0-617fe51c9d7e/node_modules/.registry.npmjs.org/lodash.bind/4.2.1/node_modules/lodash.bind"
    link: "/rbd/pnpm-volume/c81b764a-e98f-49ac-b9f0-617fe51c9d7e/node_modules/lodash.bind"
  51 debug pnpm:link: 
    target: "/rbd/pnpm-volume/c81b764a-e98f-49ac-b9f0-617fe51c9d7e/node_modules/.registry.npmjs.org/lodash.defaults/4.2.0/node_modules/lodash.defaults"
    link: "/rbd/pnpm-volume/c81b764a-e98f-49ac-b9f0-617fe51c9d7e/node_modules/lodash.defaults"
  52 debug pnpm:link: 
    target: "/rbd/pnpm-volume/c81b764a-e98f-49ac-b9f0-617fe51c9d7e/node_modules/.registry.npmjs.org/lodash.filter/4.6.0/node_modules/lodash.filter"
    link: "/rbd/pnpm-volume/c81b764a-e98f-49ac-b9f0-617fe51c9d7e/node_modules/lodash.filter"
  53 debug pnpm:link: 
    target: "/rbd/pnpm-volume/c81b764a-e98f-49ac-b9f0-617fe51c9d7e/node_modules/.registry.npmjs.org/lodash.flatten/4.4.0/node_modules/lodash.flatten"
    link: "/rbd/pnpm-volume/c81b764a-e98f-49ac-b9f0-617fe51c9d7e/node_modules/lodash.flatten"
  54 debug pnpm:link: 
    target: "/rbd/pnpm-volume/c81b764a-e98f-49ac-b9f0-617fe51c9d7e/node_modules/.registry.npmjs.org/lodash.foreach/4.5.0/node_modules/lodash.foreach"
    link: "/rbd/pnpm-volume/c81b764a-e98f-49ac-b9f0-617fe51c9d7e/node_modules/lodash.foreach"
  55 debug pnpm:link: 
    target: "/rbd/pnpm-volume/c81b764a-e98f-49ac-b9f0-617fe51c9d7e/node_modules/.registry.npmjs.org/lodash.map/4.6.0/node_modules/lodash.map"
    link: "/rbd/pnpm-volume/c81b764a-e98f-49ac-b9f0-617fe51c9d7e/node_modules/lodash.map"
  56 debug pnpm:link: 
    target: "/rbd/pnpm-volume/c81b764a-e98f-49ac-b9f0-617fe51c9d7e/node_modules/.registry.npmjs.org/lodash.merge/4.6.2/node_modules/lodash.merge"
    link: "/rbd/pnpm-volume/c81b764a-e98f-49ac-b9f0-617fe51c9d7e/node_modules/lodash.merge"
  57 debug pnpm:link: 
    target: "/rbd/pnpm-volume/c81b764a-e98f-49ac-b9f0-617fe51c9d7e/node_modules/.registry.npmjs.org/lodash.pick/4.4.0/node_modules/lodash.pick"
    link: "/rbd/pnpm-volume/c81b764a-e98f-49ac-b9f0-617fe51c9d7e/node_modules/lodash.pick"
  58 debug pnpm:link: 
    target: "/rbd/pnpm-volume/c81b764a-e98f-49ac-b9f0-617fe51c9d7e/node_modules/.registry.npmjs.org/lodash.reduce/4.6.0/node_modules/lodash.reduce"
    link: "/rbd/pnpm-volume/c81b764a-e98f-49ac-b9f0-617fe51c9d7e/node_modules/lodash.reduce"
  59 debug pnpm:link: 
    target: "/rbd/pnpm-volume/c81b764a-e98f-49ac-b9f0-617fe51c9d7e/node_modules/.registry.npmjs.org/lodash.reject/4.6.0/node_modules/lodash.reject"
    link: "/rbd/pnpm-volume/c81b764a-e98f-49ac-b9f0-617fe51c9d7e/node_modules/lodash.reject"
  60 debug pnpm:link: 
    target: "/rbd/pnpm-volume/c81b764a-e98f-49ac-b9f0-617fe51c9d7e/node_modules/.registry.npmjs.org/lodash.some/4.6.0/node_modules/lodash.some"
    link: "/rbd/pnpm-volume/c81b764a-e98f-49ac-b9f0-617fe51c9d7e/node_modules/lodash.some"
  61 debug pnpm:link: 
    target: "/rbd/pnpm-volume/c81b764a-e98f-49ac-b9f0-617fe51c9d7e/node_modules/.registry.npmjs.org/long/4.0.0/node_modules/long"
    link: "/rbd/pnpm-volume/c81b764a-e98f-49ac-b9f0-617fe51c9d7e/node_modules/long"
  62 debug pnpm:link: 
    target: "/rbd/pnpm-volume/c81b764a-e98f-49ac-b9f0-617fe51c9d7e/node_modules/.registry.npmjs.org/merge-descriptors/1.0.1/node_modules/merge-descriptors"
    link: "/rbd/pnpm-volume/c81b764a-e98f-49ac-b9f0-617fe51c9d7e/node_modules/merge-descriptors"
  63 debug pnpm:link: 
    target: "/rbd/pnpm-volume/c81b764a-e98f-49ac-b9f0-617fe51c9d7e/node_modules/.registry.npmjs.org/methods/1.1.2/node_modules/methods"
    link: "/rbd/pnpm-volume/c81b764a-e98f-49ac-b9f0-617fe51c9d7e/node_modules/methods"
  64 debug pnpm:link: 
    target: "/rbd/pnpm-volume/c81b764a-e98f-49ac-b9f0-617fe51c9d7e/node_modules/.registry.npmjs.org/mime-types/2.1.27/node_modules/mime-types"
    link: "/rbd/pnpm-volume/c81b764a-e98f-49ac-b9f0-617fe51c9d7e/node_modules/mime-types"
  65 debug pnpm:link: 
    target: "/rbd/pnpm-volume/c81b764a-e98f-49ac-b9f0-617fe51c9d7e/node_modules/.registry.npmjs.org/minimist/1.2.5/node_modules/minimist"
    link: "/rbd/pnpm-volume/c81b764a-e98f-49ac-b9f0-617fe51c9d7e/node_modules/minimist"
  66 debug pnpm:link: 
    target: "/rbd/pnpm-volume/c81b764a-e98f-49ac-b9f0-617fe51c9d7e/node_modules/.registry.npmjs.org/node-fetch/2.6.0/node_modules/node-fetch"
    link: "/rbd/pnpm-volume/c81b764a-e98f-49ac-b9f0-617fe51c9d7e/node_modules/node-fetch"
  67 debug pnpm:link: 
    target: "/rbd/pnpm-volume/c81b764a-e98f-49ac-b9f0-617fe51c9d7e/node_modules/.registry.npmjs.org/npm/6.14.11/node_modules/npm"
    link: "/rbd/pnpm-volume/c81b764a-e98f-49ac-b9f0-617fe51c9d7e/node_modules/npm"
  68 debug pnpm:link: 
    target: "/rbd/pnpm-volume/c81b764a-e98f-49ac-b9f0-617fe51c9d7e/node_modules/.registry.npmjs.org/oauth-sign/0.9.0/node_modules/oauth-sign"
    link: "/rbd/pnpm-volume/c81b764a-e98f-49ac-b9f0-617fe51c9d7e/node_modules/oauth-sign"
  69 debug pnpm:link: 
    target: "/rbd/pnpm-volume/c81b764a-e98f-49ac-b9f0-617fe51c9d7e/node_modules/.registry.npmjs.org/on-finished/2.3.0/node_modules/on-finished"
    link: "/rbd/pnpm-volume/c81b764a-e98f-49ac-b9f0-617fe51c9d7e/node_modules/on-finished"
  70 debug pnpm:link: 
    target: "/rbd/pnpm-volume/c81b764a-e98f-49ac-b9f0-617fe51c9d7e/node_modules/.registry.npmjs.org/parseurl/1.3.3/node_modules/parseurl"
    link: "/rbd/pnpm-volume/c81b764a-e98f-49ac-b9f0-617fe51c9d7e/node_modules/parseurl"
  71 debug pnpm:link: 
    target: "/rbd/pnpm-volume/c81b764a-e98f-49ac-b9f0-617fe51c9d7e/node_modules/.registry.npmjs.org/path-to-regexp/0.1.7/node_modules/path-to-regexp"
    link: "/rbd/pnpm-volume/c81b764a-e98f-49ac-b9f0-617fe51c9d7e/node_modules/path-to-regexp"
  72 debug pnpm:link: 
    target: "/rbd/pnpm-volume/c81b764a-e98f-49ac-b9f0-617fe51c9d7e/node_modules/.registry.npmjs.org/performance-now/2.1.0/node_modules/performance-now"
    link: "/rbd/pnpm-volume/c81b764a-e98f-49ac-b9f0-617fe51c9d7e/node_modules/performance-now"
  73 debug pnpm:link: 
    target: "/rbd/pnpm-volume/c81b764a-e98f-49ac-b9f0-617fe51c9d7e/node_modules/.registry.npmjs.org/prism-media/1.2.2/node_modules/prism-media"
    link: "/rbd/pnpm-volume/c81b764a-e98f-49ac-b9f0-617fe51c9d7e/node_modules/prism-media"
  74 debug pnpm:link: 
    target: "/rbd/pnpm-volume/c81b764a-e98f-49ac-b9f0-617fe51c9d7e/node_modules/.registry.npmjs.org/proxy-addr/2.0.5/node_modules/proxy-addr"
    link: "/rbd/pnpm-volume/c81b764a-e98f-49ac-b9f0-617fe51c9d7e/node_modules/proxy-addr"
  75 debug pnpm:link: 
    target: "/rbd/pnpm-volume/c81b764a-e98f-49ac-b9f0-617fe51c9d7e/node_modules/.registry.npmjs.org/punycode/2.1.1/node_modules/punycode"
    link: "/rbd/pnpm-volume/c81b764a-e98f-49ac-b9f0-617fe51c9d7e/node_modules/punycode"
  76 debug pnpm:link: 
    target: "/rbd/pnpm-volume/c81b764a-e98f-49ac-b9f0-617fe51c9d7e/node_modules/.registry.npmjs.org/qs/6.7.0/node_modules/qs"
    link: "/rbd/pnpm-volume/c81b764a-e98f-49ac-b9f0-617fe51c9d7e/node_modules/qs"
  77 debug pnpm:link: 
    target: "/rbd/pnpm-volume/c81b764a-e98f-49ac-b9f0-617fe51c9d7e/node_modules/.registry.npmjs.org/range-parser/1.2.1/node_modules/range-parser"
    link: "/rbd/pnpm-volume/c81b764a-e98f-49ac-b9f0-617fe51c9d7e/node_modules/range-parser"
  78 debug pnpm:link: 
    target: "/rbd/pnpm-volume/c81b764a-e98f-49ac-b9f0-617fe51c9d7e/node_modules/.registry.npmjs.org/safe-buffer/5.1.2/node_modules/safe-buffer"
    link: "/rbd/pnpm-volume/c81b764a-e98f-49ac-b9f0-617fe51c9d7e/node_modules/safe-buffer"
  79 debug pnpm:link: 
    target: "/rbd/pnpm-volume/c81b764a-e98f-49ac-b9f0-617fe51c9d7e/node_modules/.registry.npmjs.org/send/0.17.1/node_modules/send"
    link: "/rbd/pnpm-volume/c81b764a-e98f-49ac-b9f0-617fe51c9d7e/node_modules/send"
  80 debug pnpm:link: 
    target: "/rbd/pnpm-volume/c81b764a-e98f-49ac-b9f0-617fe51c9d7e/node_modules/.registry.npmjs.org/serve-static/1.14.1/node_modules/serve-static"
    link: "/rbd/pnpm-volume/c81b764a-e98f-49ac-b9f0-617fe51c9d7e/node_modules/serve-static"
  81 debug pnpm:link: 
    target: "/rbd/pnpm-volume/c81b764a-e98f-49ac-b9f0-617fe51c9d7e/node_modules/.registry.npmjs.org/setimmediate/1.0.5/node_modules/setimmediate"
    link: "/rbd/pnpm-volume/c81b764a-e98f-49ac-b9f0-617fe51c9d7e/node_modules/setimmediate"
  82 debug pnpm:link: 
    target: "/rbd/pnpm-volume/c81b764a-e98f-49ac-b9f0-617fe51c9d7e/node_modules/.registry.npmjs.org/setprototypeof/1.1.1/node_modules/setprototypeof"
    link: "/rbd/pnpm-volume/c81b764a-e98f-49ac-b9f0-617fe51c9d7e/node_modules/setprototypeof"
  83 debug pnpm:link: 
    target: "/rbd/pnpm-volume/c81b764a-e98f-49ac-b9f0-617fe51c9d7e/node_modules/.registry.npmjs.org/statuses/1.5.0/node_modules/statuses"
    link: "/rbd/pnpm-volume/c81b764a-e98f-49ac-b9f0-617fe51c9d7e/node_modules/statuses"
  84 debug pnpm:link: 
    target: "/rbd/pnpm-volume/c81b764a-e98f-49ac-b9f0-617fe51c9d7e/node_modules/.registry.npmjs.org/supports-color/7.2.0/node_modules/supports-color"
    link: "/rbd/pnpm-volume/c81b764a-e98f-49ac-b9f0-617fe51c9d7e/node_modules/supports-color"
  85 debug pnpm:link: 
    target: "/rbd/pnpm-volume/c81b764a-e98f-49ac-b9f0-617fe51c9d7e/node_modules/.registry.npmjs.org/tough-cookie/2.5.0/node_modules/tough-cookie"
    link: "/rbd/pnpm-volume/c81b764a-e98f-49ac-b9f0-617fe51c9d7e/node_modules/tough-cookie"
  86 debug pnpm:link: 
    target: "/rbd/pnpm-volume/c81b764a-e98f-49ac-b9f0-617fe51c9d7e/node_modules/.registry.npmjs.org/tunnel-agent/0.6.0/node_modules/tunnel-agent"
    link: "/rbd/pnpm-volume/c81b764a-e98f-49ac-b9f0-617fe51c9d7e/node_modules/tunnel-agent"
  87 debug pnpm:link: 
    target: "/rbd/pnpm-volume/c81b764a-e98f-49ac-b9f0-617fe51c9d7e/node_modules/.registry.npmjs.org/tweetnacl/1.0.3/node_modules/tweetnacl"
    link: "/rbd/pnpm-volume/c81b764a-e98f-49ac-b9f0-617fe51c9d7e/node_modules/tweetnacl"
  88 debug pnpm:link: 
    target: "/rbd/pnpm-volume/c81b764a-e98f-49ac-b9f0-617fe51c9d7e/node_modules/.registry.npmjs.org/type-is/1.6.18/node_modules/type-is"
    link: "/rbd/pnpm-volume/c81b764a-e98f-49ac-b9f0-617fe51c9d7e/node_modules/type-is"
  89 debug pnpm:link: 
    target: "/rbd/pnpm-volume/c81b764a-e98f-49ac-b9f0-617fe51c9d7e/node_modules/.registry.npmjs.org/utils-merge/1.0.1/node_modules/utils-merge"
    link: "/rbd/pnpm-volume/c81b764a-e98f-49ac-b9f0-617fe51c9d7e/node_modules/utils-merge"
  90 debug pnpm:link: 
    target: "/rbd/pnpm-volume/c81b764a-e98f-49ac-b9f0-617fe51c9d7e/node_modules/.registry.npmjs.org/uuid/3.4.0/node_modules/uuid"
    link: "/rbd/pnpm-volume/c81b764a-e98f-49ac-b9f0-617fe51c9d7e/node_modules/uuid"
  91 debug pnpm:link: 
    target: "/rbd/pnpm-volume/c81b764a-e98f-49ac-b9f0-617fe51c9d7e/node_modules/.registry.npmjs.org/varint/5.0.2/node_modules/varint"
    link: "/rbd/pnpm-volume/c81b764a-e98f-49ac-b9f0-617fe51c9d7e/node_modules/varint"
  92 debug pnpm:link: 
    target: "/rbd/pnpm-volume/c81b764a-e98f-49ac-b9f0-617fe51c9d7e/node_modules/.registry.npmjs.org/vary/1.1.2/node_modules/vary"
    link: "/rbd/pnpm-volume/c81b764a-e98f-49ac-b9f0-617fe51c9d7e/node_modules/vary"
  93 debug pnpm:link: 
    target: "/rbd/pnpm-volume/c81b764a-e98f-49ac-b9f0-617fe51c9d7e/node_modules/.registry.npmjs.org/ws/7.3.0/node_modules/ws"
    link: "/rbd/pnpm-volume/c81b764a-e98f-49ac-b9f0-617fe51c9d7e/node_modules/ws"
  94 debug pnpm:link: 
    target: "/rbd/pnpm-volume/c81b764a-e98f-49ac-b9f0-617fe51c9d7e/node_modules/.registry.npmjs.org/xml2js/0.4.23/node_modules/xml2js"
    link: "/rbd/pnpm-volume/c81b764a-e98f-49ac-b9f0-617fe51c9d7e/node_modules/xml2js"
  95 debug pnpm:link: 
    target: "/rbd/pnpm-volume/c81b764a-e98f-49ac-b9f0-617fe51c9d7e/node_modules/.registry.npmjs.org/@sindresorhus/is/4.0.0/node_modules/@sindresorhus/is"
    link: "/rbd/pnpm-volume/c81b764a-e98f-49ac-b9f0-617fe51c9d7e/node_modules/@sindresorhus/is"
  96 debug pnpm:link: 
    target: "/rbd/pnpm-volume/c81b764a-e98f-49ac-b9f0-617fe51c9d7e/node_modules/.registry.npmjs.org/@szmarczak/http-timer/4.0.5/node_modules/@szmarczak/http-timer"
    link: "/rbd/pnpm-volume/c81b764a-e98f-49ac-b9f0-617fe51c9d7e/node_modules/@szmarczak/http-timer"
  97 debug pnpm:link: 
    target: "/rbd/pnpm-volume/c81b764a-e98f-49ac-b9f0-617fe51c9d7e/node_modules/.registry.npmjs.org/@types/cacheable-request/6.0.1/node_modules/@types/cacheable-request"
    link: "/rbd/pnpm-volume/c81b764a-e98f-49ac-b9f0-617fe51c9d7e/node_modules/@types/cacheable-request"
  98 debug pnpm:link: 
    target: "/rbd/pnpm-volume/c81b764a-e98f-49ac-b9f0-617fe51c9d7e/node_modules/.registry.npmjs.org/@types/responselike/1.0.0/node_modules/@types/responselike"
    link: "/rbd/pnpm-volume/c81b764a-e98f-49ac-b9f0-617fe51c9d7e/node_modules/@types/responselike"
  99 debug pnpm:link: 
    target: "/rbd/pnpm-volume/c81b764a-e98f-49ac-b9f0-617fe51c9d7e/node_modules/.registry.npmjs.org/ajv/6.12.3/node_modules/ajv"
    link: "/rbd/pnpm-volume/c81b764a-e98f-49ac-b9f0-617fe51c9d7e/node_modules/ajv"
  100 debug pnpm:link: 
    target: "/rbd/pnpm-volume/c81b764a-e98f-49ac-b9f0-617fe51c9d7e/node_modules/.registry.npmjs.org/amdefine/1.0.1/node_modules/amdefine"
    link: "/rbd/pnpm-volume/c81b764a-e98f-49ac-b9f0-617fe51c9d7e/node_modules/amdefine"
  101 debug pnpm:link: 
    target: "/rbd/pnpm-volume/c81b764a-e98f-49ac-b9f0-617fe51c9d7e/node_modules/.registry.npmjs.org/any-promise/1.3.0/node_modules/any-promise"
    link: "/rbd/pnpm-volume/c81b764a-e98f-49ac-b9f0-617fe51c9d7e/node_modules/any-promise"
  102 debug pnpm:link: 
    target: "/rbd/pnpm-volume/c81b764a-e98f-49ac-b9f0-617fe51c9d7e/node_modules/.registry.npmjs.org/assert-plus/1.0.0/node_modules/assert-plus"
    link: "/rbd/pnpm-volume/c81b764a-e98f-49ac-b9f0-617fe51c9d7e/node_modules/assert-plus"
  103 debug pnpm:link: 
    target: "/rbd/pnpm-volume/c81b764a-e98f-49ac-b9f0-617fe51c9d7e/node_modules/.registry.npmjs.org/asynckit/0.4.0/node_modules/asynckit"
    link: "/rbd/pnpm-volume/c81b764a-e98f-49ac-b9f0-617fe51c9d7e/node_modules/asynckit"
  104 debug pnpm:link: 
    target: "/rbd/pnpm-volume/c81b764a-e98f-49ac-b9f0-617fe51c9d7e/node_modules/.registry.npmjs.org/barse/0.4.3/node_modules/barse"
    link: "/rbd/pnpm-volume/c81b764a-e98f-49ac-b9f0-617fe51c9d7e/node_modules/barse"
  105 debug pnpm:link: 
    target: "/rbd/pnpm-volume/c81b764a-e98f-49ac-b9f0-617fe51c9d7e/node_modules/.registry.npmjs.org/bindings/1.5.0/node_modules/bindings"
    link: "/rbd/pnpm-volume/c81b764a-e98f-49ac-b9f0-617fe51c9d7e/node_modules/bindings"
  106 debug pnpm:link: 
    target: "/rbd/pnpm-volume/c81b764a-e98f-49ac-b9f0-617fe51c9d7e/node_modules/.registry.npmjs.org/boolbase/1.0.0/node_modules/boolbase"
    link: "/rbd/pnpm-volume/c81b764a-e98f-49ac-b9f0-617fe51c9d7e/node_modules/boolbase"
  107 debug pnpm:link: 
    target: "/rbd/pnpm-volume/c81b764a-e98f-49ac-b9f0-617fe51c9d7e/node_modules/.registry.npmjs.org/bytes/3.1.0/node_modules/bytes"
    link: "/rbd/pnpm-volume/c81b764a-e98f-49ac-b9f0-617fe51c9d7e/node_modules/bytes"
  108 debug pnpm:link: 
    target: "/rbd/pnpm-volume/c81b764a-e98f-49ac-b9f0-617fe51c9d7e/node_modules/.registry.npmjs.org/cacheable-lookup/5.0.4/node_modules/cacheable-lookup"
    link: "/rbd/pnpm-volume/c81b764a-e98f-49ac-b9f0-617fe51c9d7e/node_modules/cacheable-lookup"
  109 debug pnpm:link: 
    target: "/rbd/pnpm-volume/c81b764a-e98f-49ac-b9f0-617fe51c9d7e/node_modules/.registry.npmjs.org/cacheable-request/7.0.1/node_modules/cacheable-request"
    link: "/rbd/pnpm-volume/c81b764a-e98f-49ac-b9f0-617fe51c9d7e/node_modules/cacheable-request"
  110 debug pnpm:link: 
    target: "/rbd/pnpm-volume/c81b764a-e98f-49ac-b9f0-617fe51c9d7e/node_modules/.registry.npmjs.org/cheerio-select-tmp/0.1.1/node_modules/cheerio-select-tmp"
    link: "/rbd/pnpm-volume/c81b764a-e98f-49ac-b9f0-617fe51c9d7e/node_modules/cheerio-select-tmp"
  111 debug pnpm:link: 
    target: "/rbd/pnpm-volume/c81b764a-e98f-49ac-b9f0-617fe51c9d7e/node_modules/.registry.npmjs.org/color-convert/2.0.1/node_modules/color-convert"
    link: "/rbd/pnpm-volume/c81b764a-e98f-49ac-b9f0-617fe51c9d7e/node_modules/color-convert"
  112 debug pnpm:link: 
    target: "/rbd/pnpm-volume/c81b764a-e98f-49ac-b9f0-617fe51c9d7e/node_modules/.registry.npmjs.org/commander/2.8.1/node_modules/commander"
    link: "/rbd/pnpm-volume/c81b764a-e98f-49ac-b9f0-617fe51c9d7e/node_modules/commander"
  113 debug pnpm:link: 
    target: "/rbd/pnpm-volume/c81b764a-e98f-49ac-b9f0-617fe51c9d7e/node_modules/.registry.npmjs.org/css-what/2.1.3/node_modules/css-what"
    link: "/rbd/pnpm-volume/c81b764a-e98f-49ac-b9f0-617fe51c9d7e/node_modules/css-what"
  114 debug pnpm:link: 
    target: "/rbd/pnpm-volume/c81b764a-e98f-49ac-b9f0-617fe51c9d7e/node_modules/.registry.npmjs.org/decompress-response/6.0.0/node_modules/decompress-response"
    link: "/rbd/pnpm-volume/c81b764a-e98f-49ac-b9f0-617fe51c9d7e/node_modules/decompress-response"
  115 debug pnpm:link: 
    target: "/rbd/pnpm-volume/c81b764a-e98f-49ac-b9f0-617fe51c9d7e/node_modules/.registry.npmjs.org/delayed-stream/1.0.0/node_modules/delayed-stream"
    link: "/rbd/pnpm-volume/c81b764a-e98f-49ac-b9f0-617fe51c9d7e/node_modules/delayed-stream"
  116 debug pnpm:link: 
    target: "/rbd/pnpm-volume/c81b764a-e98f-49ac-b9f0-617fe51c9d7e/node_modules/.registry.npmjs.org/destroy/1.0.4/node_modules/destroy"
    link: "/rbd/pnpm-volume/c81b764a-e98f-49ac-b9f0-617fe51c9d7e/node_modules/destroy"
  117 debug pnpm:link: 
    target: "/rbd/pnpm-volume/c81b764a-e98f-49ac-b9f0-617fe51c9d7e/node_modules/.registry.npmjs.org/domelementtype/1.3.1/node_modules/domelementtype"
    link: "/rbd/pnpm-volume/c81b764a-e98f-49ac-b9f0-617fe51c9d7e/node_modules/domelementtype"
  118 debug pnpm:link: 
    target: "/rbd/pnpm-volume/c81b764a-e98f-49ac-b9f0-617fe51c9d7e/node_modules/.registry.npmjs.org/domhandler/4.0.0/node_modules/domhandler"
    link: "/rbd/pnpm-volume/c81b764a-e98f-49ac-b9f0-617fe51c9d7e/node_modules/domhandler"
  119 debug pnpm:link: 
    target: "/rbd/pnpm-volume/c81b764a-e98f-49ac-b9f0-617fe51c9d7e/node_modules/.registry.npmjs.org/domutils/1.5.1/node_modules/domutils"
    link: "/rbd/pnpm-volume/c81b764a-e98f-49ac-b9f0-617fe51c9d7e/node_modules/domutils"
  120 debug pnpm:link: 
    target: "/rbd/pnpm-volume/c81b764a-e98f-49ac-b9f0-617fe51c9d7e/node_modules/.registry.npmjs.org/ee-first/1.1.1/node_modules/ee-first"
    link: "/rbd/pnpm-volume/c81b764a-e98f-49ac-b9f0-617fe51c9d7e/node_modules/ee-first"
  121 debug pnpm:link: 
    target: "/rbd/pnpm-volume/c81b764a-e98f-49ac-b9f0-617fe51c9d7e/node_modules/.registry.npmjs.org/event-target-shim/5.0.1/node_modules/event-target-shim"
    link: "/rbd/pnpm-volume/c81b764a-e98f-49ac-b9f0-617fe51c9d7e/node_modules/event-target-shim"
  122 debug pnpm:link: 
    target: "/rbd/pnpm-volume/c81b764a-e98f-49ac-b9f0-617fe51c9d7e/node_modules/.registry.npmjs.org/event-to-promise/0.7.0/node_modules/event-to-promise"
    link: "/rbd/pnpm-volume/c81b764a-e98f-49ac-b9f0-617fe51c9d7e/node_modules/event-to-promise"
  123 debug pnpm:link: 
    target: "/rbd/pnpm-volume/c81b764a-e98f-49ac-b9f0-617fe51c9d7e/node_modules/.registry.npmjs.org/follow-redirects/1.5.10/node_modules/follow-redirects"
    link: "/rbd/pnpm-volume/c81b764a-e98f-49ac-b9f0-617fe51c9d7e/node_modules/follow-redirects"
  124 debug pnpm:link: 
    target: "/rbd/pnpm-volume/c81b764a-e98f-49ac-b9f0-617fe51c9d7e/node_modules/.registry.npmjs.org/forwarded/0.1.2/node_modules/forwarded"
    link: "/rbd/pnpm-volume/c81b764a-e98f-49ac-b9f0-617fe51c9d7e/node_modules/forwarded"
  125 debug pnpm:link: 
    target: "/rbd/pnpm-volume/c81b764a-e98f-49ac-b9f0-617fe51c9d7e/node_modules/.registry.npmjs.org/har-schema/2.0.0/node_modules/har-schema"
    link: "/rbd/pnpm-volume/c81b764a-e98f-49ac-b9f0-617fe51c9d7e/node_modules/har-schema"
  126 debug pnpm:link: 
    target: "/rbd/pnpm-volume/c81b764a-e98f-49ac-b9f0-617fe51c9d7e/node_modules/.registry.npmjs.org/has-flag/4.0.0/node_modules/has-flag"
    link: "/rbd/pnpm-volume/c81b764a-e98f-49ac-b9f0-617fe51c9d7e/node_modules/has-flag"
  127 debug pnpm:link: 
    target: "/rbd/pnpm-volume/c81b764a-e98f-49ac-b9f0-617fe51c9d7e/node_modules/.registry.npmjs.org/http-errors/1.7.2/node_modules/http-errors"
    link: "/rbd/pnpm-volume/c81b764a-e98f-49ac-b9f0-617fe51c9d7e/node_modules/http-errors"
  128 debug pnpm:link: 
    target: "/rbd/pnpm-volume/c81b764a-e98f-49ac-b9f0-617fe51c9d7e/node_modules/.registry.npmjs.org/http2-wrapper/1.0.3/node_modules/http2-wrapper"
    link: "/rbd/pnpm-volume/c81b764a-e98f-49ac-b9f0-617fe51c9d7e/node_modules/http2-wrapper"
  129 debug pnpm:link: 
    target: "/rbd/pnpm-volume/c81b764a-e98f-49ac-b9f0-617fe51c9d7e/node_modules/.registry.npmjs.org/inherits/2.0.4/node_modules/inherits"
    link: "/rbd/pnpm-volume/c81b764a-e98f-49ac-b9f0-617fe51c9d7e/node_modules/inherits"
  130 debug pnpm:link: 
    target: "/rbd/pnpm-volume/c81b764a-e98f-49ac-b9f0-617fe51c9d7e/node_modules/.registry.npmjs.org/ipaddr.js/1.9.0/node_modules/ipaddr.js"
    link: "/rbd/pnpm-volume/c81b764a-e98f-49ac-b9f0-617fe51c9d7e/node_modules/ipaddr.js"
  131 debug pnpm:link: 
    target: "/rbd/pnpm-volume/c81b764a-e98f-49ac-b9f0-617fe51c9d7e/node_modules/.registry.npmjs.org/jsprim/1.4.1/node_modules/jsprim"
    link: "/rbd/pnpm-volume/c81b764a-e98f-49ac-b9f0-617fe51c9d7e/node_modules/jsprim"
  132 debug pnpm:link: 
    target: "/rbd/pnpm-volume/c81b764a-e98f-49ac-b9f0-617fe51c9d7e/node_modules/.registry.npmjs.org/lowercase-keys/2.0.0/node_modules/lowercase-keys"
    link: "/rbd/pnpm-volume/c81b764a-e98f-49ac-b9f0-617fe51c9d7e/node_modules/lowercase-keys"
  133 debug pnpm:link: 
    target: "/rbd/pnpm-volume/c81b764a-e98f-49ac-b9f0-617fe51c9d7e/node_modules/.registry.npmjs.org/media-typer/0.3.0/node_modules/media-typer"
    link: "/rbd/pnpm-volume/c81b764a-e98f-49ac-b9f0-617fe51c9d7e/node_modules/media-typer"
  134 debug pnpm:link: 
    target: "/rbd/pnpm-volume/c81b764a-e98f-49ac-b9f0-617fe51c9d7e/node_modules/.registry.npmjs.org/mime/1.6.0/node_modules/mime"
    link: "/rbd/pnpm-volume/c81b764a-e98f-49ac-b9f0-617fe51c9d7e/node_modules/mime"
  135 debug pnpm:link: 
    target: "/rbd/pnpm-volume/c81b764a-e98f-49ac-b9f0-617fe51c9d7e/node_modules/.registry.npmjs.org/mime-db/1.44.0/node_modules/mime-db"
    link: "/rbd/pnpm-volume/c81b764a-e98f-49ac-b9f0-617fe51c9d7e/node_modules/mime-db"
  136 debug pnpm:link: 
    target: "/rbd/pnpm-volume/c81b764a-e98f-49ac-b9f0-617fe51c9d7e/node_modules/.registry.npmjs.org/negotiator/0.6.2/node_modules/negotiator"
    link: "/rbd/pnpm-volume/c81b764a-e98f-49ac-b9f0-617fe51c9d7e/node_modules/negotiator"
  137 debug pnpm:link: 
    target: "/rbd/pnpm-volume/c81b764a-e98f-49ac-b9f0-617fe51c9d7e/node_modules/.registry.npmjs.org/nth-check/1.0.2/node_modules/nth-check"
    link: "/rbd/pnpm-volume/c81b764a-e98f-49ac-b9f0-617fe51c9d7e/node_modules/nth-check"
  138 debug pnpm:link: 
    target: "/rbd/pnpm-volume/c81b764a-e98f-49ac-b9f0-617fe51c9d7e/node_modules/.registry.npmjs.org/p-cancelable/2.1.0/node_modules/p-cancelable"
    link: "/rbd/pnpm-volume/c81b764a-e98f-49ac-b9f0-617fe51c9d7e/node_modules/p-cancelable"
  139 debug pnpm:link: 
    target: "/rbd/pnpm-volume/c81b764a-e98f-49ac-b9f0-617fe51c9d7e/node_modules/.registry.npmjs.org/parse5/6.0.1/node_modules/parse5"
    link: "/rbd/pnpm-volume/c81b764a-e98f-49ac-b9f0-617fe51c9d7e/node_modules/parse5"
  140 debug pnpm:link: 
    target: "/rbd/pnpm-volume/c81b764a-e98f-49ac-b9f0-617fe51c9d7e/node_modules/.registry.npmjs.org/parse5-htmlparser2-tree-adapter/6.0.1/node_modules/parse5-htmlparser2-tree-adapter"
    link: "/rbd/pnpm-volume/c81b764a-e98f-49ac-b9f0-617fe51c9d7e/node_modules/parse5-htmlparser2-tree-adapter"
  141 debug pnpm:link: 
    target: "/rbd/pnpm-volume/c81b764a-e98f-49ac-b9f0-617fe51c9d7e/node_modules/.registry.npmjs.org/prebuild-install/5.3.6/node_modules/prebuild-install"
    link: "/rbd/pnpm-volume/c81b764a-e98f-49ac-b9f0-617fe51c9d7e/node_modules/prebuild-install"
  142 debug pnpm:link: 
    target: "/rbd/pnpm-volume/c81b764a-e98f-49ac-b9f0-617fe51c9d7e/node_modules/.registry.npmjs.org/psl/1.8.0/node_modules/psl"
    link: "/rbd/pnpm-volume/c81b764a-e98f-49ac-b9f0-617fe51c9d7e/node_modules/psl"
  143 debug pnpm:link: 
    target: "/rbd/pnpm-volume/c81b764a-e98f-49ac-b9f0-617fe51c9d7e/node_modules/.registry.npmjs.org/raw-body/2.4.0/node_modules/raw-body"
    link: "/rbd/pnpm-volume/c81b764a-e98f-49ac-b9f0-617fe51c9d7e/node_modules/raw-body"
  144 debug pnpm:link: 
    target: "/rbd/pnpm-volume/c81b764a-e98f-49ac-b9f0-617fe51c9d7e/node_modules/.registry.npmjs.org/readable-stream/3.6.0/node_modules/readable-stream"
    link: "/rbd/pnpm-volume/c81b764a-e98f-49ac-b9f0-617fe51c9d7e/node_modules/readable-stream"
  145 debug pnpm:link: 
    target: "/rbd/pnpm-volume/c81b764a-e98f-49ac-b9f0-617fe51c9d7e/node_modules/.registry.npmjs.org/responselike/2.0.0/node_modules/responselike"
    link: "/rbd/pnpm-volume/c81b764a-e98f-49ac-b9f0-617fe51c9d7e/node_modules/responselike"
  146 debug pnpm:link: 
    target: "/rbd/pnpm-volume/c81b764a-e98f-49ac-b9f0-617fe51c9d7e/node_modules/.registry.npmjs.org/safer-buffer/2.1.2/node_modules/safer-buffer"
    link: "/rbd/pnpm-volume/c81b764a-e98f-49ac-b9f0-617fe51c9d7e/node_modules/safer-buffer"
  147 debug pnpm:link: 
    target: "/rbd/pnpm-volume/c81b764a-e98f-49ac-b9f0-617fe51c9d7e/node_modules/.registry.npmjs.org/sax/1.2.4/node_modules/sax"
    link: "/rbd/pnpm-volume/c81b764a-e98f-49ac-b9f0-617fe51c9d7e/node_modules/sax"
  148 debug pnpm:link: 
    target: "/rbd/pnpm-volume/c81b764a-e98f-49ac-b9f0-617fe51c9d7e/node_modules/.registry.npmjs.org/sshpk/1.16.1/node_modules/sshpk"
    link: "/rbd/pnpm-volume/c81b764a-e98f-49ac-b9f0-617fe51c9d7e/node_modules/sshpk"
  149 debug pnpm:link: 
    target: "/rbd/pnpm-volume/c81b764a-e98f-49ac-b9f0-617fe51c9d7e/node_modules/.registry.npmjs.org/string-to-stream/1.1.1/node_modules/string-to-stream"
    link: "/rbd/pnpm-volume/c81b764a-e98f-49ac-b9f0-617fe51c9d7e/node_modules/string-to-stream"
  150 debug pnpm:link: 
    target: "/rbd/pnpm-volume/c81b764a-e98f-49ac-b9f0-617fe51c9d7e/node_modules/.registry.npmjs.org/tar/4.4.10/node_modules/tar"
    link: "/rbd/pnpm-volume/c81b764a-e98f-49ac-b9f0-617fe51c9d7e/node_modules/tar"
  151 debug pnpm:link: 
    target: "/rbd/pnpm-volume/c81b764a-e98f-49ac-b9f0-617fe51c9d7e/node_modules/.registry.npmjs.org/unpipe/1.0.0/node_modules/unpipe"
    link: "/rbd/pnpm-volume/c81b764a-e98f-49ac-b9f0-617fe51c9d7e/node_modules/unpipe"
  152 debug pnpm:link: 
    target: "/rbd/pnpm-volume/c81b764a-e98f-49ac-b9f0-617fe51c9d7e/node_modules/.registry.npmjs.org/xmlbuilder/11.0.1/node_modules/xmlbuilder"
    link: "/rbd/pnpm-volume/c81b764a-e98f-49ac-b9f0-617fe51c9d7e/node_modules/xmlbuilder"
  153 debug pnpm:link: 
    target: "/rbd/pnpm-volume/c81b764a-e98f-49ac-b9f0-617fe51c9d7e/node_modules/.registry.npmjs.org/xmlrpc/1.3.2/node_modules/xmlrpc"
    link: "/rbd/pnpm-volume/c81b764a-e98f-49ac-b9f0-617fe51c9d7e/node_modules/xmlrpc"
  154 debug pnpm:link: 
    target: "/rbd/pnpm-volume/c81b764a-e98f-49ac-b9f0-617fe51c9d7e/node_modules/.registry.npmjs.org/@types/http-cache-semantics/4.0.0/node_modules/@types/http-cache-semantics"
    link: "/rbd/pnpm-volume/c81b764a-e98f-49ac-b9f0-617fe51c9d7e/node_modules/@types/http-cache-semantics"
  155 debug pnpm:link: 
    target: "/rbd/pnpm-volume/c81b764a-e98f-49ac-b9f0-617fe51c9d7e/node_modules/.registry.npmjs.org/@types/keyv/3.1.1/node_modules/@types/keyv"
    link: "/rbd/pnpm-volume/c81b764a-e98f-49ac-b9f0-617fe51c9d7e/node_modules/@types/keyv"
  156 debug pnpm:link: 
    target: "/rbd/pnpm-volume/c81b764a-e98f-49ac-b9f0-617fe51c9d7e/node_modules/.registry.npmjs.org/@types/node/14.14.37/node_modules/@types/node"
    link: "/rbd/pnpm-volume/c81b764a-e98f-49ac-b9f0-617fe51c9d7e/node_modules/@types/node"
  157 debug pnpm:link: 
    target: "/rbd/pnpm-volume/c81b764a-e98f-49ac-b9f0-617fe51c9d7e/node_modules/.registry.npmjs.org/asn1/0.2.4/node_modules/asn1"
    link: "/rbd/pnpm-volume/c81b764a-e98f-49ac-b9f0-617fe51c9d7e/node_modules/asn1"
  158 debug pnpm:link: 
    target: "/rbd/pnpm-volume/c81b764a-e98f-49ac-b9f0-617fe51c9d7e/node_modules/.registry.npmjs.org/bcrypt-pbkdf/1.0.2/node_modules/bcrypt-pbkdf"
    link: "/rbd/pnpm-volume/c81b764a-e98f-49ac-b9f0-617fe51c9d7e/node_modules/bcrypt-pbkdf"
  159 debug pnpm:link: 
    target: "/rbd/pnpm-volume/c81b764a-e98f-49ac-b9f0-617fe51c9d7e/node_modules/.registry.npmjs.org/chownr/1.1.4/node_modules/chownr"
    link: "/rbd/pnpm-volume/c81b764a-e98f-49ac-b9f0-617fe51c9d7e/node_modules/chownr"
  160 debug pnpm:link: 
    target: "/rbd/pnpm-volume/c81b764a-e98f-49ac-b9f0-617fe51c9d7e/node_modules/.registry.npmjs.org/clone-response/1.0.2/node_modules/clone-response"
    link: "/rbd/pnpm-volume/c81b764a-e98f-49ac-b9f0-617fe51c9d7e/node_modules/clone-response"
  161 debug pnpm:link: 
    target: "/rbd/pnpm-volume/c81b764a-e98f-49ac-b9f0-617fe51c9d7e/node_modules/.registry.npmjs.org/color-name/1.1.4/node_modules/color-name"
    link: "/rbd/pnpm-volume/c81b764a-e98f-49ac-b9f0-617fe51c9d7e/node_modules/color-name"
  162 debug pnpm:link: 
    target: "/rbd/pnpm-volume/c81b764a-e98f-49ac-b9f0-617fe51c9d7e/node_modules/.registry.npmjs.org/dashdash/1.14.1/node_modules/dashdash"
    link: "/rbd/pnpm-volume/c81b764a-e98f-49ac-b9f0-617fe51c9d7e/node_modules/dashdash"
  163 debug pnpm:link: 
    target: "/rbd/pnpm-volume/c81b764a-e98f-49ac-b9f0-617fe51c9d7e/node_modules/.registry.npmjs.org/defer-to-connect/2.0.1/node_modules/defer-to-connect"
    link: "/rbd/pnpm-volume/c81b764a-e98f-49ac-b9f0-617fe51c9d7e/node_modules/defer-to-connect"
  164 debug pnpm:link: 
    target: "/rbd/pnpm-volume/c81b764a-e98f-49ac-b9f0-617fe51c9d7e/node_modules/.registry.npmjs.org/detect-libc/1.0.3/node_modules/detect-libc"
    link: "/rbd/pnpm-volume/c81b764a-e98f-49ac-b9f0-617fe51c9d7e/node_modules/detect-libc"
  165 debug pnpm:link: 
    target: "/rbd/pnpm-volume/c81b764a-e98f-49ac-b9f0-617fe51c9d7e/node_modules/.registry.npmjs.org/ecc-jsbn/0.1.2/node_modules/ecc-jsbn"
    link: "/rbd/pnpm-volume/c81b764a-e98f-49ac-b9f0-617fe51c9d7e/node_modules/ecc-jsbn"
  166 debug pnpm:link: 
    target: "/rbd/pnpm-volume/c81b764a-e98f-49ac-b9f0-617fe51c9d7e/node_modules/.registry.npmjs.org/expand-template/2.0.3/node_modules/expand-template"
    link: "/rbd/pnpm-volume/c81b764a-e98f-49ac-b9f0-617fe51c9d7e/node_modules/expand-template"
  167 debug pnpm:link: 
    target: "/rbd/pnpm-volume/c81b764a-e98f-49ac-b9f0-617fe51c9d7e/node_modules/.registry.npmjs.org/extsprintf/1.3.0/node_modules/extsprintf"
    link: "/rbd/pnpm-volume/c81b764a-e98f-49ac-b9f0-617fe51c9d7e/node_modules/extsprintf"
  168 debug pnpm:link: 
    target: "/rbd/pnpm-volume/c81b764a-e98f-49ac-b9f0-617fe51c9d7e/node_modules/.registry.npmjs.org/fast-deep-equal/3.1.3/node_modules/fast-deep-equal"
    link: "/rbd/pnpm-volume/c81b764a-e98f-49ac-b9f0-617fe51c9d7e/node_modules/fast-deep-equal"
  169 debug pnpm:link: 
    target: "/rbd/pnpm-volume/c81b764a-e98f-49ac-b9f0-617fe51c9d7e/node_modules/.registry.npmjs.org/fast-json-stable-stringify/2.1.0/node_modules/fast-json-stable-stringify"
    link: "/rbd/pnpm-volume/c81b764a-e98f-49ac-b9f0-617fe51c9d7e/node_modules/fast-json-stable-stringify"
  170 debug pnpm:link: 
    target: "/rbd/pnpm-volume/c81b764a-e98f-49ac-b9f0-617fe51c9d7e/node_modules/.registry.npmjs.org/file-uri-to-path/1.0.0/node_modules/file-uri-to-path"
    link: "/rbd/pnpm-volume/c81b764a-e98f-49ac-b9f0-617fe51c9d7e/node_modules/file-uri-to-path"
  171 debug pnpm:link: 
    target: "/rbd/pnpm-volume/c81b764a-e98f-49ac-b9f0-617fe51c9d7e/node_modules/.registry.npmjs.org/fs-minipass/1.2.7/node_modules/fs-minipass"
    link: "/rbd/pnpm-volume/c81b764a-e98f-49ac-b9f0-617fe51c9d7e/node_modules/fs-minipass"
  172 debug pnpm:link: 
    target: "/rbd/pnpm-volume/c81b764a-e98f-49ac-b9f0-617fe51c9d7e/node_modules/.registry.npmjs.org/get-stream/5.2.0/node_modules/get-stream"
    link: "/rbd/pnpm-volume/c81b764a-e98f-49ac-b9f0-617fe51c9d7e/node_modules/get-stream"
  173 debug pnpm:link: 
    target: "/rbd/pnpm-volume/c81b764a-e98f-49ac-b9f0-617fe51c9d7e/node_modules/.registry.npmjs.org/getpass/0.1.7/node_modules/getpass"
    link: "/rbd/pnpm-volume/c81b764a-e98f-49ac-b9f0-617fe51c9d7e/node_modules/getpass"
  174 debug pnpm:link: 
    target: "/rbd/pnpm-volume/c81b764a-e98f-49ac-b9f0-617fe51c9d7e/node_modules/.registry.npmjs.org/github-from-package/0.0.0/node_modules/github-from-package"
    link: "/rbd/pnpm-volume/c81b764a-e98f-49ac-b9f0-617fe51c9d7e/node_modules/github-from-package"
  175 debug pnpm:link: 
    target: "/rbd/pnpm-volume/c81b764a-e98f-49ac-b9f0-617fe51c9d7e/node_modules/.registry.npmjs.org/graceful-readlink/1.0.1/node_modules/graceful-readlink"
    link: "/rbd/pnpm-volume/c81b764a-e98f-49ac-b9f0-617fe51c9d7e/node_modules/graceful-readlink"
  176 debug pnpm:link: 
    target: "/rbd/pnpm-volume/c81b764a-e98f-49ac-b9f0-617fe51c9d7e/node_modules/.registry.npmjs.org/http-cache-semantics/4.1.0/node_modules/http-cache-semantics"
    link: "/rbd/pnpm-volume/c81b764a-e98f-49ac-b9f0-617fe51c9d7e/node_modules/http-cache-semantics"
  177 debug pnpm:link: 
    target: "/rbd/pnpm-volume/c81b764a-e98f-49ac-b9f0-617fe51c9d7e/node_modules/.registry.npmjs.org/jsbn/0.1.1/node_modules/jsbn"
    link: "/rbd/pnpm-volume/c81b764a-e98f-49ac-b9f0-617fe51c9d7e/node_modules/jsbn"
  178 debug pnpm:link: 
    target: "/rbd/pnpm-volume/c81b764a-e98f-49ac-b9f0-617fe51c9d7e/node_modules/.registry.npmjs.org/json-schema/0.2.3/node_modules/json-schema"
    link: "/rbd/pnpm-volume/c81b764a-e98f-49ac-b9f0-617fe51c9d7e/node_modules/json-schema"
  179 debug pnpm:link: 
    target: "/rbd/pnpm-volume/c81b764a-e98f-49ac-b9f0-617fe51c9d7e/node_modules/.registry.npmjs.org/json-schema-traverse/0.4.1/node_modules/json-schema-traverse"
    link: "/rbd/pnpm-volume/c81b764a-e98f-49ac-b9f0-617fe51c9d7e/node_modules/json-schema-traverse"
  180 debug pnpm:link: 
    target: "/rbd/pnpm-volume/c81b764a-e98f-49ac-b9f0-617fe51c9d7e/node_modules/.registry.npmjs.org/keyv/4.0.3/node_modules/keyv"
    link: "/rbd/pnpm-volume/c81b764a-e98f-49ac-b9f0-617fe51c9d7e/node_modules/keyv"
  181 debug pnpm:link: 
    target: "/rbd/pnpm-volume/c81b764a-e98f-49ac-b9f0-617fe51c9d7e/node_modules/.registry.npmjs.org/mimic-response/3.1.0/node_modules/mimic-response"
    link: "/rbd/pnpm-volume/c81b764a-e98f-49ac-b9f0-617fe51c9d7e/node_modules/mimic-response"
  182 debug pnpm:link: 
    target: "/rbd/pnpm-volume/c81b764a-e98f-49ac-b9f0-617fe51c9d7e/node_modules/.registry.npmjs.org/minipass/2.9.0/node_modules/minipass"
    link: "/rbd/pnpm-volume/c81b764a-e98f-49ac-b9f0-617fe51c9d7e/node_modules/minipass"
  183 debug pnpm:link: 
    target: "/rbd/pnpm-volume/c81b764a-e98f-49ac-b9f0-617fe51c9d7e/node_modules/.registry.npmjs.org/minizlib/1.3.3/node_modules/minizlib"
    link: "/rbd/pnpm-volume/c81b764a-e98f-49ac-b9f0-617fe51c9d7e/node_modules/minizlib"
  184 debug pnpm:link: 
    target: "/rbd/pnpm-volume/c81b764a-e98f-49ac-b9f0-617fe51c9d7e/node_modules/.registry.npmjs.org/mkdirp/0.5.5/node_modules/mkdirp"
    link: "/rbd/pnpm-volume/c81b764a-e98f-49ac-b9f0-617fe51c9d7e/node_modules/mkdirp"
  185 debug pnpm:link: 
    target: "/rbd/pnpm-volume/c81b764a-e98f-49ac-b9f0-617fe51c9d7e/node_modules/.registry.npmjs.org/mkdirp-classic/0.5.3/node_modules/mkdirp-classic"
    link: "/rbd/pnpm-volume/c81b764a-e98f-49ac-b9f0-617fe51c9d7e/node_modules/mkdirp-classic"
  186 debug pnpm:link: 
    target: "/rbd/pnpm-volume/c81b764a-e98f-49ac-b9f0-617fe51c9d7e/node_modules/.registry.npmjs.org/napi-build-utils/1.0.2/node_modules/napi-build-utils"
    link: "/rbd/pnpm-volume/c81b764a-e98f-49ac-b9f0-617fe51c9d7e/node_modules/napi-build-utils"
  187 debug pnpm:link: 
    target: "/rbd/pnpm-volume/c81b764a-e98f-49ac-b9f0-617fe51c9d7e/node_modules/.registry.npmjs.org/node-abi/2.19.1/node_modules/node-abi"
    link: "/rbd/pnpm-volume/c81b764a-e98f-49ac-b9f0-617fe51c9d7e/node_modules/node-abi"
  188 debug pnpm:link: 
    target: "/rbd/pnpm-volume/c81b764a-e98f-49ac-b9f0-617fe51c9d7e/node_modules/.registry.npmjs.org/noop-logger/0.1.1/node_modules/noop-logger"
    link: "/rbd/pnpm-volume/c81b764a-e98f-49ac-b9f0-617fe51c9d7e/node_modules/noop-logger"
  189 debug pnpm:link: 
    target: "/rbd/pnpm-volume/c81b764a-e98f-49ac-b9f0-617fe51c9d7e/node_modules/.registry.npmjs.org/normalize-url/4.5.0/node_modules/normalize-url"
    link: "/rbd/pnpm-volume/c81b764a-e98f-49ac-b9f0-617fe51c9d7e/node_modules/normalize-url"
  190 debug pnpm:link: 
    target: "/rbd/pnpm-volume/c81b764a-e98f-49ac-b9f0-617fe51c9d7e/node_modules/.registry.npmjs.org/npmlog/4.1.2/node_modules/npmlog"
    link: "/rbd/pnpm-volume/c81b764a-e98f-49ac-b9f0-617fe51c9d7e/node_modules/npmlog"
  191 debug pnpm:link: 
    target: "/rbd/pnpm-volume/c81b764a-e98f-49ac-b9f0-617fe51c9d7e/node_modules/.registry.npmjs.org/pump/3.0.0/node_modules/pump"
    link: "/rbd/pnpm-volume/c81b764a-e98f-49ac-b9f0-617fe51c9d7e/node_modules/pump"
  192 debug pnpm:link: 
    target: "/rbd/pnpm-volume/c81b764a-e98f-49ac-b9f0-617fe51c9d7e/node_modules/.registry.npmjs.org/quick-lru/5.1.1/node_modules/quick-lru"
    link: "/rbd/pnpm-volume/c81b764a-e98f-49ac-b9f0-617fe51c9d7e/node_modules/quick-lru"
  193 debug pnpm:link: 
    target: "/rbd/pnpm-volume/c81b764a-e98f-49ac-b9f0-617fe51c9d7e/node_modules/.registry.npmjs.org/rc/1.2.8/node_modules/rc"
    link: "/rbd/pnpm-volume/c81b764a-e98f-49ac-b9f0-617fe51c9d7e/node_modules/rc"
  194 debug pnpm:link: 
    target: "/rbd/pnpm-volume/c81b764a-e98f-49ac-b9f0-617fe51c9d7e/node_modules/.registry.npmjs.org/resolve-alpn/1.0.0/node_modules/resolve-alpn"
    link: "/rbd/pnpm-volume/c81b764a-e98f-49ac-b9f0-617fe51c9d7e/node_modules/resolve-alpn"
  195 debug pnpm:link: 
    target: "/rbd/pnpm-volume/c81b764a-e98f-49ac-b9f0-617fe51c9d7e/node_modules/.registry.npmjs.org/simple-get/3.1.0/node_modules/simple-get"
    link: "/rbd/pnpm-volume/c81b764a-e98f-49ac-b9f0-617fe51c9d7e/node_modules/simple-get"
  196 debug pnpm:link: 
    target: "/rbd/pnpm-volume/c81b764a-e98f-49ac-b9f0-617fe51c9d7e/node_modules/.registry.npmjs.org/string_decoder/1.3.0/node_modules/string_decoder"
    link: "/rbd/pnpm-volume/c81b764a-e98f-49ac-b9f0-617fe51c9d7e/node_modules/string_decoder"
  197 debug pnpm:link: 
    target: "/rbd/pnpm-volume/c81b764a-e98f-49ac-b9f0-617fe51c9d7e/node_modules/.registry.npmjs.org/tar-fs/2.1.0/node_modules/tar-fs"
    link: "/rbd/pnpm-volume/c81b764a-e98f-49ac-b9f0-617fe51c9d7e/node_modules/tar-fs"
  198 debug pnpm:link: 
    target: "/rbd/pnpm-volume/c81b764a-e98f-49ac-b9f0-617fe51c9d7e/node_modules/.registry.npmjs.org/toidentifier/1.0.0/node_modules/toidentifier"
    link: "/rbd/pnpm-volume/c81b764a-e98f-49ac-b9f0-617fe51c9d7e/node_modules/toidentifier"
  199 debug pnpm:link: 
    target: "/rbd/pnpm-volume/c81b764a-e98f-49ac-b9f0-617fe51c9d7e/node_modules/.registry.npmjs.org/uri-js/4.2.2/node_modules/uri-js"
    link: "/rbd/pnpm-volume/c81b764a-e98f-49ac-b9f0-617fe51c9d7e/node_modules/uri-js"
  200 debug pnpm:link: 
    target: "/rbd/pnpm-volume/c81b764a-e98f-49ac-b9f0-617fe51c9d7e/node_modules/.registry.npmjs.org/util-deprecate/1.0.2/node_modules/util-deprecate"
    link: "/rbd/pnpm-volume/c81b764a-e98f-49ac-b9f0-617fe51c9d7e/node_modules/util-deprecate"
  201 debug pnpm:link: 
    target: "/rbd/pnpm-volume/c81b764a-e98f-49ac-b9f0-617fe51c9d7e/node_modules/.registry.npmjs.org/verror/1.10.0/node_modules/verror"
    link: "/rbd/pnpm-volume/c81b764a-e98f-49ac-b9f0-617fe51c9d7e/node_modules/verror"
  202 debug pnpm:link: 
    target: "/rbd/pnpm-volume/c81b764a-e98f-49ac-b9f0-617fe51c9d7e/node_modules/.registry.npmjs.org/which-pm-runs/1.0.0/node_modules/which-pm-runs"
    link: "/rbd/pnpm-volume/c81b764a-e98f-49ac-b9f0-617fe51c9d7e/node_modules/which-pm-runs"
  203 debug pnpm:link: 
    target: "/rbd/pnpm-volume/c81b764a-e98f-49ac-b9f0-617fe51c9d7e/node_modules/.registry.npmjs.org/yallist/3.1.1/node_modules/yallist"
    link: "/rbd/pnpm-volume/c81b764a-e98f-49ac-b9f0-617fe51c9d7e/node_modules/yallist"
  204 debug pnpm:link: 
    target: "/rbd/pnpm-volume/c81b764a-e98f-49ac-b9f0-617fe51c9d7e/node_modules/.registry.npmjs.org/are-we-there-yet/1.1.5/node_modules/are-we-there-yet"
    link: "/rbd/pnpm-volume/c81b764a-e98f-49ac-b9f0-617fe51c9d7e/node_modules/are-we-there-yet"
  205 debug pnpm:link: 
    target: "/rbd/pnpm-volume/c81b764a-e98f-49ac-b9f0-617fe51c9d7e/node_modules/.registry.npmjs.org/console-control-strings/1.1.0/node_modules/console-control-strings"
    link: "/rbd/pnpm-volume/c81b764a-e98f-49ac-b9f0-617fe51c9d7e/node_modules/console-control-strings"
  206 debug pnpm:link: 
    target: "/rbd/pnpm-volume/c81b764a-e98f-49ac-b9f0-617fe51c9d7e/node_modules/.registry.npmjs.org/core-util-is/1.0.2/node_modules/core-util-is"
    link: "/rbd/pnpm-volume/c81b764a-e98f-49ac-b9f0-617fe51c9d7e/node_modules/core-util-is"
  207 debug pnpm:link: 
    target: "/rbd/pnpm-volume/c81b764a-e98f-49ac-b9f0-617fe51c9d7e/node_modules/.registry.npmjs.org/deep-extend/0.6.0/node_modules/deep-extend"
    link: "/rbd/pnpm-volume/c81b764a-e98f-49ac-b9f0-617fe51c9d7e/node_modules/deep-extend"
  208 debug pnpm:link: 
    target: "/rbd/pnpm-volume/c81b764a-e98f-49ac-b9f0-617fe51c9d7e/node_modules/.registry.npmjs.org/end-of-stream/1.4.4/node_modules/end-of-stream"
    link: "/rbd/pnpm-volume/c81b764a-e98f-49ac-b9f0-617fe51c9d7e/node_modules/end-of-stream"
  209 debug pnpm:link: 
    target: "/rbd/pnpm-volume/c81b764a-e98f-49ac-b9f0-617fe51c9d7e/node_modules/.registry.npmjs.org/gauge/2.7.4/node_modules/gauge"
    link: "/rbd/pnpm-volume/c81b764a-e98f-49ac-b9f0-617fe51c9d7e/node_modules/gauge"
  210 debug pnpm:link: 
    target: "/rbd/pnpm-volume/c81b764a-e98f-49ac-b9f0-617fe51c9d7e/node_modules/.registry.npmjs.org/ini/1.3.5/node_modules/ini"
    link: "/rbd/pnpm-volume/c81b764a-e98f-49ac-b9f0-617fe51c9d7e/node_modules/ini"
  211 debug pnpm:link: 
    target: "/rbd/pnpm-volume/c81b764a-e98f-49ac-b9f0-617fe51c9d7e/node_modules/.registry.npmjs.org/isarray/0.0.1/node_modules/isarray"
    link: "/rbd/pnpm-volume/c81b764a-e98f-49ac-b9f0-617fe51c9d7e/node_modules/isarray"
  212 debug pnpm:link: 
    target: "/rbd/pnpm-volume/c81b764a-e98f-49ac-b9f0-617fe51c9d7e/node_modules/.registry.npmjs.org/json-buffer/3.0.1/node_modules/json-buffer"
    link: "/rbd/pnpm-volume/c81b764a-e98f-49ac-b9f0-617fe51c9d7e/node_modules/json-buffer"
  213 debug pnpm:link: 
    target: "/rbd/pnpm-volume/c81b764a-e98f-49ac-b9f0-617fe51c9d7e/node_modules/.registry.npmjs.org/once/1.4.0/node_modules/once"
    link: "/rbd/pnpm-volume/c81b764a-e98f-49ac-b9f0-617fe51c9d7e/node_modules/once"
  214 debug pnpm:link: 
    target: "/rbd/pnpm-volume/c81b764a-e98f-49ac-b9f0-617fe51c9d7e/node_modules/.registry.npmjs.org/process-nextick-args/2.0.1/node_modules/process-nextick-args"
    link: "/rbd/pnpm-volume/c81b764a-e98f-49ac-b9f0-617fe51c9d7e/node_modules/process-nextick-args"
  215 debug pnpm:link: 
    target: "/rbd/pnpm-volume/c81b764a-e98f-49ac-b9f0-617fe51c9d7e/node_modules/.registry.npmjs.org/semver/5.7.1/node_modules/semver"
    link: "/rbd/pnpm-volume/c81b764a-e98f-49ac-b9f0-617fe51c9d7e/node_modules/semver"
  216 debug pnpm:link: 
    target: "/rbd/pnpm-volume/c81b764a-e98f-49ac-b9f0-617fe51c9d7e/node_modules/.registry.npmjs.org/set-blocking/2.0.0/node_modules/set-blocking"
    link: "/rbd/pnpm-volume/c81b764a-e98f-49ac-b9f0-617fe51c9d7e/node_modules/set-blocking"
  217 debug pnpm:link: 
    target: "/rbd/pnpm-volume/c81b764a-e98f-49ac-b9f0-617fe51c9d7e/node_modules/.registry.npmjs.org/simple-concat/1.0.1/node_modules/simple-concat"
    link: "/rbd/pnpm-volume/c81b764a-e98f-49ac-b9f0-617fe51c9d7e/node_modules/simple-concat"
  218 debug pnpm:link: 
    target: "/rbd/pnpm-volume/c81b764a-e98f-49ac-b9f0-617fe51c9d7e/node_modules/.registry.npmjs.org/strip-json-comments/2.0.1/node_modules/strip-json-comments"
    link: "/rbd/pnpm-volume/c81b764a-e98f-49ac-b9f0-617fe51c9d7e/node_modules/strip-json-comments"
  219 debug pnpm:link: 
    target: "/rbd/pnpm-volume/c81b764a-e98f-49ac-b9f0-617fe51c9d7e/node_modules/.registry.npmjs.org/tar-stream/2.1.4/node_modules/tar-stream"
    link: "/rbd/pnpm-volume/c81b764a-e98f-49ac-b9f0-617fe51c9d7e/node_modules/tar-stream"
  220 debug pnpm:link: 
    target: "/rbd/pnpm-volume/c81b764a-e98f-49ac-b9f0-617fe51c9d7e/node_modules/.registry.npmjs.org/aproba/1.2.0/node_modules/aproba"
    link: "/rbd/pnpm-volume/c81b764a-e98f-49ac-b9f0-617fe51c9d7e/node_modules/aproba"
  221 debug pnpm:link: 
    target: "/rbd/pnpm-volume/c81b764a-e98f-49ac-b9f0-617fe51c9d7e/node_modules/.registry.npmjs.org/bl/4.0.3/node_modules/bl"
    link: "/rbd/pnpm-volume/c81b764a-e98f-49ac-b9f0-617fe51c9d7e/node_modules/bl"
  222 debug pnpm:link: 
    target: "/rbd/pnpm-volume/c81b764a-e98f-49ac-b9f0-617fe51c9d7e/node_modules/.registry.npmjs.org/delegates/1.0.0/node_modules/delegates"
    link: "/rbd/pnpm-volume/c81b764a-e98f-49ac-b9f0-617fe51c9d7e/node_modules/delegates"
  223 debug pnpm:link: 
    target: "/rbd/pnpm-volume/c81b764a-e98f-49ac-b9f0-617fe51c9d7e/node_modules/.registry.npmjs.org/fs-constants/1.0.0/node_modules/fs-constants"
    link: "/rbd/pnpm-volume/c81b764a-e98f-49ac-b9f0-617fe51c9d7e/node_modules/fs-constants"
  224 debug pnpm:link: 
    target: "/rbd/pnpm-volume/c81b764a-e98f-49ac-b9f0-617fe51c9d7e/node_modules/.registry.npmjs.org/has-unicode/2.0.1/node_modules/has-unicode"
    link: "/rbd/pnpm-volume/c81b764a-e98f-49ac-b9f0-617fe51c9d7e/node_modules/has-unicode"
  225 debug pnpm:link: 
    target: "/rbd/pnpm-volume/c81b764a-e98f-49ac-b9f0-617fe51c9d7e/node_modules/.registry.npmjs.org/object-assign/4.1.1/node_modules/object-assign"
    link: "/rbd/pnpm-volume/c81b764a-e98f-49ac-b9f0-617fe51c9d7e/node_modules/object-assign"
  226 debug pnpm:link: 
    target: "/rbd/pnpm-volume/c81b764a-e98f-49ac-b9f0-617fe51c9d7e/node_modules/.registry.npmjs.org/signal-exit/3.0.3/node_modules/signal-exit"
    link: "/rbd/pnpm-volume/c81b764a-e98f-49ac-b9f0-617fe51c9d7e/node_modules/signal-exit"
  227 debug pnpm:link: 
    target: "/rbd/pnpm-volume/c81b764a-e98f-49ac-b9f0-617fe51c9d7e/node_modules/.registry.npmjs.org/string-width/1.0.2/node_modules/string-width"
    link: "/rbd/pnpm-volume/c81b764a-e98f-49ac-b9f0-617fe51c9d7e/node_modules/string-width"
  228 debug pnpm:link: 
    target: "/rbd/pnpm-volume/c81b764a-e98f-49ac-b9f0-617fe51c9d7e/node_modules/.registry.npmjs.org/strip-ansi/3.0.1/node_modules/strip-ansi"
    link: "/rbd/pnpm-volume/c81b764a-e98f-49ac-b9f0-617fe51c9d7e/node_modules/strip-ansi"
  229 debug pnpm:link: 
    target: "/rbd/pnpm-volume/c81b764a-e98f-49ac-b9f0-617fe51c9d7e/node_modules/.registry.npmjs.org/wide-align/1.1.3/node_modules/wide-align"
    link: "/rbd/pnpm-volume/c81b764a-e98f-49ac-b9f0-617fe51c9d7e/node_modules/wide-align"
  230 debug pnpm:link: 
    target: "/rbd/pnpm-volume/c81b764a-e98f-49ac-b9f0-617fe51c9d7e/node_modules/.registry.npmjs.org/wrappy/1.0.2/node_modules/wrappy"
    link: "/rbd/pnpm-volume/c81b764a-e98f-49ac-b9f0-617fe51c9d7e/node_modules/wrappy"
  231 debug pnpm:link: 
    target: "/rbd/pnpm-volume/c81b764a-e98f-49ac-b9f0-617fe51c9d7e/node_modules/.registry.npmjs.org/ansi-regex/2.1.1/node_modules/ansi-regex"
    link: "/rbd/pnpm-volume/c81b764a-e98f-49ac-b9f0-617fe51c9d7e/node_modules/ansi-regex"
  232 debug pnpm:link: 
    target: "/rbd/pnpm-volume/c81b764a-e98f-49ac-b9f0-617fe51c9d7e/node_modules/.registry.npmjs.org/buffer/5.7.0/node_modules/buffer"
    link: "/rbd/pnpm-volume/c81b764a-e98f-49ac-b9f0-617fe51c9d7e/node_modules/buffer"
  233 debug pnpm:link: 
    target: "/rbd/pnpm-volume/c81b764a-e98f-49ac-b9f0-617fe51c9d7e/node_modules/.registry.npmjs.org/code-point-at/1.1.0/node_modules/code-point-at"
    link: "/rbd/pnpm-volume/c81b764a-e98f-49ac-b9f0-617fe51c9d7e/node_modules/code-point-at"
  234 debug pnpm:link: 
    target: "/rbd/pnpm-volume/c81b764a-e98f-49ac-b9f0-617fe51c9d7e/node_modules/.registry.npmjs.org/is-fullwidth-code-point/1.0.0/node_modules/is-fullwidth-code-point"
    link: "/rbd/pnpm-volume/c81b764a-e98f-49ac-b9f0-617fe51c9d7e/node_modules/is-fullwidth-code-point"
  235 debug pnpm:link: 
    target: "/rbd/pnpm-volume/c81b764a-e98f-49ac-b9f0-617fe51c9d7e/node_modules/.registry.npmjs.org/base64-js/1.3.1/node_modules/base64-js"
    link: "/rbd/pnpm-volume/c81b764a-e98f-49ac-b9f0-617fe51c9d7e/node_modules/base64-js"
  236 debug pnpm:link: 
    target: "/rbd/pnpm-volume/c81b764a-e98f-49ac-b9f0-617fe51c9d7e/node_modules/.registry.npmjs.org/ieee754/1.2.1/node_modules/ieee754"
    link: "/rbd/pnpm-volume/c81b764a-e98f-49ac-b9f0-617fe51c9d7e/node_modules/ieee754"
  237 debug pnpm:link: 
    target: "/rbd/pnpm-volume/c81b764a-e98f-49ac-b9f0-617fe51c9d7e/node_modules/.registry.npmjs.org/number-is-nan/1.0.1/node_modules/number-is-nan"
    link: "/rbd/pnpm-volume/c81b764a-e98f-49ac-b9f0-617fe51c9d7e/node_modules/number-is-nan"
  238 error pnpm: 
    message: 
      errno: -13
      code: "EACCES"
      syscall: "symlink"
      path: "../.registry.npmjs.org/@discordjs/collection/0.1.5/node_modules/@discordjs/collection"
      dest: "/rbd/pnpm-volume/c81b764a-e98f-49ac-b9f0-617fe51c9d7e/node_modules/@discordjs/collection"
    err: 
      name: "Error"
      message: "EACCES: permission denied, symlink '../.registry.npmjs.org/@discordjs/collection/0.1.5/node_modules/@discordjs/collection' -> '/rbd/pnpm-volume/c81b764a-e98f-49ac-b9f0-617fe51c9d7e/node_modules/@discordjs/collection'"
      code: "EACCES"
      stack: "Error: EACCES: permission denied, symlink '../.registry.npmjs.org/@discordjs/collection/0.1.5/node_modules/@discordjs/collection' -> '/rbd/pnpm-volume/c81b764a-e98f-49ac-b9f0-617fe51c9d7e/node_modules/@discordjs/collection'"
